This is pdfTeX, Version 3.1415926-2.5-1.40.14 (TeX Live 2013/Debian) (format=pdflatex 2017.8.29)  15 APR 2018 17:47
entering extended mode
 restricted \write18 enabled.
 %&-line parsing enabled.
**cv.tex
(./cv.tex
LaTeX2e <2011/06/27>
Babel <3.9h> and hyphenation patterns for 78 languages loaded.
(./my_cv.cls
Document Class: my_cv 2011/03/26 My custom CV class
(/usr/share/texlive/texmf-dist/tex/latex/base/article.cls
Document Class: article 2007/10/19 v1.4h Standard LaTeX document class
(/usr/share/texlive/texmf-dist/tex/latex/base/size10.clo
File: size10.clo 2007/10/19 v1.4h Standard LaTeX file (size option)
)
\c@part=\count79
\c@section=\count80
\c@subsection=\count81
\c@subsubsection=\count82
\c@paragraph=\count83
\c@subparagraph=\count84
\c@figure=\count85
\c@table=\count86
\abovecaptionskip=\skip41
\belowcaptionskip=\skip42
\bibindent=\dimen102
)
(/usr/share/texlive/texmf-dist/tex/latex/titlesec/titlesec.sty
Package: titlesec 2011/12/15 v2.10.0 Sectioning titles
\ttl@box=\box26
\beforetitleunit=\skip43
\aftertitleunit=\skip44
\ttl@plus=\dimen103
\ttl@minus=\dimen104
\ttl@toksa=\toks14
\titlewidth=\dimen105
\titlewidthlast=\dimen106
\titlewidthfirst=\dimen107
))
(/usr/share/texlive/texmf-dist/tex/latex/tools/tabularx.sty
Package: tabularx 1999/01/07 v2.07 `tabularx' package (DPC)

(/usr/share/texlive/texmf-dist/tex/latex/tools/array.sty
Package: array 2008/09/09 v2.4c Tabular extension package (FMi)
\col@sep=\dimen108
\extrarowheight=\dimen109
\NC@list=\toks15
\extratabsurround=\skip45
\backup@length=\skip46
)
\TX@col@width=\dimen110
\TX@old@table=\dimen111
\TX@old@col=\dimen112
\TX@target=\dimen113
\TX@delta=\dimen114
\TX@cols=\count87
\TX@ftn=\toks16
) (./cv.aux)
\openout1 = `cv.aux'.

LaTeX Font Info:    Checking defaults for OML/cmm/m/it on input line 4.
LaTeX Font Info:    ... okay on input line 4.
LaTeX Font Info:    Checking defaults for T1/cmr/m/n on input line 4.
LaTeX Font Info:    ... okay on input line 4.
LaTeX Font Info:    Checking defaults for OT1/cmr/m/n on input line 4.
LaTeX Font Info:    ... okay on input line 4.
LaTeX Font Info:    Checking defaults for OMS/cmsy/m/n on input line 4.
LaTeX Font Info:    ... okay on input line 4.
LaTeX Font Info:    Checking defaults for OMX/cmex/m/n on input line 4.
LaTeX Font Info:    ... okay on input line 4.
LaTeX Font Info:    Checking defaults for U/cmr/m/n on input line 4.
LaTeX Font Info:    ... okay on input line 4.

Underfull \hbox (badness 1286) in paragraph at lines 34--34
\OT1/cmr/m/n/10 sity of Nowhere from
 []


Underfull \hbox (badness 1286) in paragraph at lines 34--34
\OT1/cmr/m/n/10 sity of Nowhere from
 []


Underfull \hbox (badness 10000) in alignment at lines 34--34
[][]
 []


Overfull \hbox (15.0pt too wide) in paragraph at lines 34--35
[][] 
 []

[1

{/var/lib/texmf/fonts/map/pdftex/updmap/pdftex.map}] (./cv.aux) ) 
Here is how much of TeX's memory you used:
 580 strings out of 493304
 6816 string characters out of 6139871
 63117 words of memory out of 5000000
 4109 multiletter control sequences out of 15000+600000
 4838 words of font info for 18 fonts, out of 8000000 for 9000
 957 hyphenation exceptions out of 8191
 29i,9n,34p,180b,309s stack positions out of 5000i,500n,10000p,200000b,80000s
</usr/share/te
xlive/texmf-dist/fonts/type1/public/amsfonts/cm/cmcsc10.pfb></usr/share/texlive
/texmf-dist/fonts/type1/public/amsfonts/cm/cmr10.pfb>
Output written on cv.pdf (1 page, 30336 bytes).
PDF statistics:
 16 PDF objects out of 1000 (max. 8388607)
 10 compressed objects within 1 object stream
 0 named destinations out of 1000 (max. 500000)
 1 words of extra memory for PDF output out of 10000 (max. 10000000)

